[debug] [2022-10-27T11:31:46.341Z] ----------------------------------------------------------------------
[debug] [2022-10-27T11:31:46.342Z] Command:       /usr/local/bin/node /usr/local/bin/firebase init
[debug] [2022-10-27T11:31:46.342Z] CLI Version:   11.15.0
[debug] [2022-10-27T11:31:46.342Z] Platform:      darwin
[debug] [2022-10-27T11:31:46.342Z] Node Version:  v16.17.1
[debug] [2022-10-27T11:31:46.343Z] Time:          Thu Oct 27 2022 19:31:46 GMT+0800 (Singapore Standard Time)
[debug] [2022-10-27T11:31:46.343Z] ----------------------------------------------------------------------
[debug] 
[debug] [2022-10-27T11:31:46.374Z] > command requires scopes: ["email","openid","https://www.googleapis.com/auth/cloudplatformprojects.readonly","https://www.googleapis.com/auth/firebase","https://www.googleapis.com/auth/cloud-platform"]
[debug] [2022-10-27T11:31:46.374Z] > authorizing via signed-in user (lionelgwk@gmail.com)
[info] 
     ######## #### ########  ######## ########     ###     ######  ########
     ##        ##  ##     ## ##       ##     ##  ##   ##  ##       ##
     ######    ##  ########  ######   ########  #########  ######  ######
     ##        ##  ##    ##  ##       ##     ## ##     ##       ## ##
     ##       #### ##     ## ######## ########  ##     ##  ######  ########

You're about to initialize a Firebase project in this directory:

  /Users/lionel/Documents/GitHub/wad2test1

Before we get started, keep in mind:

  * You are initializing within an existing Firebase project directory

